<?xml version="1.0" encoding="UTF-8"?>
<!-- Generated by org.testng.reporters.JUnitXMLReporter -->
<testsuite ignored="2" hostname="DESKTOP-39F4HB5" failures="0" tests="2" name="Test" time="23.528" errors="0" timestamp="2023-05-29T13:11:56 IST">
  <testcase classname="admin_ujetix.CreateTourAndWriteUsTest" name="test2" time="14.87"/>
  <testcase classname="admin_ujetix.CreateTourAndWriteUsAndlogoutTest" name="test4" time="15.422"/>
  <testcase classname="ujetix.genericUtils.BaseClass" name="@BeforeSuite Config_BS" time="0.0">
    <ignored/>
  </testcase> <!-- @BeforeSuite Config_BS -->
  <testcase classname="ujetix.genericUtils.BaseClass" name="@AfterSuite config_AS" time="0.0">
    <ignored/>
  </testcase> <!-- @AfterSuite config_AS -->
</testsuite> <!-- Test -->
